
*** Running vivado
    with args -log top_level.vds -m64 -product Vivado -mode batch -messageDb vivado.pb -notrace -source top_level.tcl


****** Vivado v2019.2 (64-bit)
  **** SW Build 2708876 on Wed Nov  6 21:40:23 MST 2019
  **** IP Build 2700528 on Thu Nov  7 00:09:20 MST 2019
    ** Copyright 1986-2019 Xilinx, Inc. All Rights Reserved.

source top_level.tcl -notrace
Command: synth_design -top top_level -part xc7a50tcsg324-1
Starting synth_design
Attempting to get a license for feature 'Synthesis' and/or device 'xc7a50t'
INFO: [Common 17-349] Got license for feature 'Synthesis' and/or device 'xc7a50t'
INFO: [Device 21-403] Loading part xc7a50tcsg324-1
INFO: Launching helper process for spawning children vivado processes
INFO: Helper process launched with PID 17788 
---------------------------------------------------------------------------------
Starting RTL Elaboration : Time (s): cpu = 00:00:03 ; elapsed = 00:00:04 . Memory (MB): peak = 835.328 ; gain = 233.965
---------------------------------------------------------------------------------
INFO: [Synth 8-638] synthesizing module 'top_level' [D:/Documents/GitHub/FPGA_Jeu_de_Dame/jeu_de_dame.srcs/sources_1/new/top_level.vhd:49]
INFO: [Synth 8-3491] module 'VGA_bitmap_160x100' declared at 'D:/Documents/GitHub/FPGA_Jeu_de_Dame/jeu_de_dame.srcs/sources_1/new/vga_bitmap_160x100.vhd:28' bound to instance 'TOP' of component 'VGA_bitmap_160x100' [D:/Documents/GitHub/FPGA_Jeu_de_Dame/jeu_de_dame.srcs/sources_1/new/top_level.vhd:91]
INFO: [Synth 8-638] synthesizing module 'VGA_bitmap_160x100' [D:/Documents/GitHub/FPGA_Jeu_de_Dame/jeu_de_dame.srcs/sources_1/new/vga_bitmap_160x100.vhd:45]
	Parameter bit_per_pixel bound to: 3 - type: integer 
	Parameter grayscale bound to: 0 - type: bool 
INFO: [Synth 8-256] done synthesizing module 'VGA_bitmap_160x100' (1#1) [D:/Documents/GitHub/FPGA_Jeu_de_Dame/jeu_de_dame.srcs/sources_1/new/vga_bitmap_160x100.vhd:45]
INFO: [Synth 8-3491] module 'compteur' declared at 'D:/Documents/GitHub/FPGA_Jeu_de_Dame/jeu_de_dame.srcs/sources_1/new/compteur.vhd:12' bound to instance 'CPT' of component 'compteur' [D:/Documents/GitHub/FPGA_Jeu_de_Dame/jeu_de_dame.srcs/sources_1/new/top_level.vhd:105]
INFO: [Synth 8-638] synthesizing module 'compteur' [D:/Documents/GitHub/FPGA_Jeu_de_Dame/jeu_de_dame.srcs/sources_1/new/compteur.vhd:19]
WARNING: [Synth 8-614] signal 'compteur' is read in the process but is not in the sensitivity list [D:/Documents/GitHub/FPGA_Jeu_de_Dame/jeu_de_dame.srcs/sources_1/new/compteur.vhd:25]
INFO: [Synth 8-256] done synthesizing module 'compteur' (2#1) [D:/Documents/GitHub/FPGA_Jeu_de_Dame/jeu_de_dame.srcs/sources_1/new/compteur.vhd:19]
INFO: [Synth 8-3491] module 'select_color' declared at 'D:/Documents/GitHub/FPGA_Jeu_de_Dame/jeu_de_dame.srcs/sources_1/new/select_color.vhd:4' bound to instance 'Sel_color' of component 'select_color' [D:/Documents/GitHub/FPGA_Jeu_de_Dame/jeu_de_dame.srcs/sources_1/new/top_level.vhd:111]
INFO: [Synth 8-638] synthesizing module 'select_color' [D:/Documents/GitHub/FPGA_Jeu_de_Dame/jeu_de_dame.srcs/sources_1/new/select_color.vhd:15]
INFO: [Synth 8-256] done synthesizing module 'select_color' (3#1) [D:/Documents/GitHub/FPGA_Jeu_de_Dame/jeu_de_dame.srcs/sources_1/new/select_color.vhd:15]
INFO: [Synth 8-256] done synthesizing module 'top_level' (4#1) [D:/Documents/GitHub/FPGA_Jeu_de_Dame/jeu_de_dame.srcs/sources_1/new/top_level.vhd:49]
---------------------------------------------------------------------------------
Finished RTL Elaboration : Time (s): cpu = 00:00:04 ; elapsed = 00:00:05 . Memory (MB): peak = 907.645 ; gain = 306.281
---------------------------------------------------------------------------------

Report Check Netlist: 
+------+------------------+-------+---------+-------+------------------+
|      |Item              |Errors |Warnings |Status |Description       |
+------+------------------+-------+---------+-------+------------------+
|1     |multi_driven_nets |      0|        0|Passed |Multi driven nets |
+------+------------------+-------+---------+-------+------------------+
---------------------------------------------------------------------------------
Start Handling Custom Attributes
---------------------------------------------------------------------------------
---------------------------------------------------------------------------------
Finished Handling Custom Attributes : Time (s): cpu = 00:00:05 ; elapsed = 00:00:05 . Memory (MB): peak = 907.645 ; gain = 306.281
---------------------------------------------------------------------------------
---------------------------------------------------------------------------------
Finished RTL Optimization Phase 1 : Time (s): cpu = 00:00:05 ; elapsed = 00:00:05 . Memory (MB): peak = 907.645 ; gain = 306.281
---------------------------------------------------------------------------------
Netlist sorting complete. Time (s): cpu = 00:00:00 ; elapsed = 00:00:00.003 . Memory (MB): peak = 907.645 ; gain = 0.000
INFO: [Project 1-570] Preparing netlist for logic optimization

Processing XDC Constraints
Initializing timing engine
Parsing XDC File [D:/Documents/GitHub/FPGA_Jeu_de_Dame/jeu_de_dame.srcs/constrs_1/new/fichier_de_contrainte.xdc]
Finished Parsing XDC File [D:/Documents/GitHub/FPGA_Jeu_de_Dame/jeu_de_dame.srcs/constrs_1/new/fichier_de_contrainte.xdc]
INFO: [Project 1-236] Implementation specific constraints were found while reading constraint file [D:/Documents/GitHub/FPGA_Jeu_de_Dame/jeu_de_dame.srcs/constrs_1/new/fichier_de_contrainte.xdc]. These constraints will be ignored for synthesis but will be used in implementation. Impacted constraints are listed in the file [.Xil/top_level_propImpl.xdc].
Resolution: To avoid this warning, move constraints listed in [.Xil/top_level_propImpl.xdc] to another XDC file and exclude this new file from synthesis with the used_in_synthesis property (File Properties dialog in GUI) and re-run elaboration/synthesis.
Completed Processing XDC Constraints

Netlist sorting complete. Time (s): cpu = 00:00:00 ; elapsed = 00:00:00 . Memory (MB): peak = 1005.145 ; gain = 0.000
INFO: [Project 1-111] Unisim Transformation Summary:
No Unisim elements were transformed.

Constraint Validation Runtime : Time (s): cpu = 00:00:00 ; elapsed = 00:00:00.006 . Memory (MB): peak = 1005.145 ; gain = 0.000
---------------------------------------------------------------------------------
Finished Constraint Validation : Time (s): cpu = 00:00:10 ; elapsed = 00:00:11 . Memory (MB): peak = 1005.145 ; gain = 403.781
---------------------------------------------------------------------------------
---------------------------------------------------------------------------------
Start Loading Part and Timing Information
---------------------------------------------------------------------------------
Loading part: xc7a50tcsg324-1
---------------------------------------------------------------------------------
Finished Loading Part and Timing Information : Time (s): cpu = 00:00:10 ; elapsed = 00:00:11 . Memory (MB): peak = 1005.145 ; gain = 403.781
---------------------------------------------------------------------------------
---------------------------------------------------------------------------------
Start Applying 'set_property' XDC Constraints
---------------------------------------------------------------------------------
---------------------------------------------------------------------------------
Finished applying 'set_property' XDC Constraints : Time (s): cpu = 00:00:10 ; elapsed = 00:00:11 . Memory (MB): peak = 1005.145 ; gain = 403.781
---------------------------------------------------------------------------------
---------------------------------------------------------------------------------
Finished RTL Optimization Phase 2 : Time (s): cpu = 00:00:10 ; elapsed = 00:00:11 . Memory (MB): peak = 1005.145 ; gain = 403.781
---------------------------------------------------------------------------------

Report RTL Partitions: 
+-+--------------+------------+----------+
| |RTL Partition |Replication |Instances |
+-+--------------+------------+----------+
+-+--------------+------------+----------+
---------------------------------------------------------------------------------
Start RTL Component Statistics 
---------------------------------------------------------------------------------
Detailed RTL Component Info : 
+---Adders : 
	   2 Input     14 Bit       Adders := 3     
	   2 Input     12 Bit       Adders := 1     
	   2 Input     10 Bit       Adders := 1     
+---Registers : 
	               14 Bit    Registers := 1     
	               12 Bit    Registers := 1     
	               10 Bit    Registers := 1     
	                4 Bit    Registers := 3     
	                3 Bit    Registers := 2     
	                1 Bit    Registers := 4     
+---RAMs : 
	              46K Bit         RAMs := 1     
+---Muxes : 
	   2 Input     14 Bit        Muxes := 2     
	   2 Input     12 Bit        Muxes := 1     
	   4 Input      3 Bit        Muxes := 1     
	   5 Input      1 Bit        Muxes := 4     
	   2 Input      1 Bit        Muxes := 3     
---------------------------------------------------------------------------------
Finished RTL Component Statistics 
---------------------------------------------------------------------------------
---------------------------------------------------------------------------------
Start RTL Hierarchical Component Statistics 
---------------------------------------------------------------------------------
Hierarchical RTL Component report 
Module VGA_bitmap_160x100 
Detailed RTL Component Info : 
+---Adders : 
	   2 Input     14 Bit       Adders := 2     
	   2 Input     12 Bit       Adders := 1     
	   2 Input     10 Bit       Adders := 1     
+---Registers : 
	               12 Bit    Registers := 1     
	               10 Bit    Registers := 1     
	                4 Bit    Registers := 3     
	                3 Bit    Registers := 2     
	                1 Bit    Registers := 4     
+---RAMs : 
	              46K Bit         RAMs := 1     
+---Muxes : 
	   2 Input     14 Bit        Muxes := 1     
	   2 Input     12 Bit        Muxes := 1     
	   5 Input      1 Bit        Muxes := 4     
	   2 Input      1 Bit        Muxes := 3     
Module compteur 
Detailed RTL Component Info : 
+---Adders : 
	   2 Input     14 Bit       Adders := 1     
+---Registers : 
	               14 Bit    Registers := 1     
+---Muxes : 
	   2 Input     14 Bit        Muxes := 1     
Module select_color 
Detailed RTL Component Info : 
+---Muxes : 
	   4 Input      3 Bit        Muxes := 1     
---------------------------------------------------------------------------------
Finished RTL Hierarchical Component Statistics
---------------------------------------------------------------------------------
---------------------------------------------------------------------------------
Start Part Resource Summary
---------------------------------------------------------------------------------
Part Resources:
DSPs: 120 (col length:60)
BRAMs: 150 (col length: RAMB18 60 RAMB36 30)
---------------------------------------------------------------------------------
Finished Part Resource Summary
---------------------------------------------------------------------------------
---------------------------------------------------------------------------------
Start Cross Boundary and Area Optimization
---------------------------------------------------------------------------------
Warning: Parallel synthesis criteria is not met 
INFO: [Synth 8-3886] merging instance 'TOP/VGA_blue_reg[0]' (FDR) to 'TOP/VGA_blue_reg[1]'
INFO: [Synth 8-3886] merging instance 'TOP/VGA_blue_reg[1]' (FDR) to 'TOP/VGA_blue_reg[2]'
INFO: [Synth 8-3886] merging instance 'TOP/VGA_blue_reg[2]' (FDR) to 'TOP/VGA_blue_reg[3]'
INFO: [Synth 8-3886] merging instance 'TOP/VGA_green_reg[0]' (FDR) to 'TOP/VGA_green_reg[1]'
INFO: [Synth 8-3886] merging instance 'TOP/VGA_green_reg[1]' (FDR) to 'TOP/VGA_green_reg[2]'
INFO: [Synth 8-3886] merging instance 'TOP/VGA_green_reg[2]' (FDR) to 'TOP/VGA_green_reg[3]'
INFO: [Synth 8-3886] merging instance 'TOP/VGA_red_reg[0]' (FDR) to 'TOP/VGA_red_reg[1]'
INFO: [Synth 8-3886] merging instance 'TOP/VGA_red_reg[1]' (FDR) to 'TOP/VGA_red_reg[2]'
INFO: [Synth 8-3886] merging instance 'TOP/VGA_red_reg[2]' (FDR) to 'TOP/VGA_red_reg[3]'
---------------------------------------------------------------------------------
Finished Cross Boundary and Area Optimization : Time (s): cpu = 00:00:12 ; elapsed = 00:00:13 . Memory (MB): peak = 1005.145 ; gain = 403.781
---------------------------------------------------------------------------------
---------------------------------------------------------------------------------
Start ROM, RAM, DSP and Shift Register Reporting
---------------------------------------------------------------------------------

Block RAM: Preliminary Mapping	Report (see note below)
+------------+----------------+------------------------+---+---+------------------------+---+---+------------------+--------+--------+
|Module Name | RTL Object     | PORT A (Depth x Width) | W | R | PORT B (Depth x Width) | W | R | Ports driving FF | RAMB18 | RAMB36 | 
+------------+----------------+------------------------+---+---+------------------------+---+---+------------------+--------+--------+
|top_level   | TOP/screen_reg | 16 K x 3(READ_FIRST)   | W |   | 16 K x 3(WRITE_FIRST)  |   | R | Port A and B     | 1      | 1      | 
+------------+----------------+------------------------+---+---+------------------------+---+---+------------------+--------+--------+

Note: The table above is a preliminary report that shows the Block RAMs at the current stage of the synthesis flow. Some Block RAMs may be reimplemented as non Block RAM primitives later in the synthesis flow. Multiple instantiated Block RAMs are reported only once. 
---------------------------------------------------------------------------------
Finished ROM, RAM, DSP and Shift Register Reporting
---------------------------------------------------------------------------------

Report RTL Partitions: 
+-+--------------+------------+----------+
| |RTL Partition |Replication |Instances |
+-+--------------+------------+----------+
+-+--------------+------------+----------+
---------------------------------------------------------------------------------
Start Applying XDC Timing Constraints
---------------------------------------------------------------------------------
---------------------------------------------------------------------------------
Finished Applying XDC Timing Constraints : Time (s): cpu = 00:00:18 ; elapsed = 00:00:19 . Memory (MB): peak = 1005.145 ; gain = 403.781
---------------------------------------------------------------------------------
---------------------------------------------------------------------------------
Start Timing Optimization
---------------------------------------------------------------------------------
---------------------------------------------------------------------------------
Finished Timing Optimization : Time (s): cpu = 00:00:19 ; elapsed = 00:00:20 . Memory (MB): peak = 1010.879 ; gain = 409.516
---------------------------------------------------------------------------------
---------------------------------------------------------------------------------
Start ROM, RAM, DSP and Shift Register Reporting
---------------------------------------------------------------------------------

Block RAM: Final Mapping	Report
+------------+----------------+------------------------+---+---+------------------------+---+---+------------------+--------+--------+
|Module Name | RTL Object     | PORT A (Depth x Width) | W | R | PORT B (Depth x Width) | W | R | Ports driving FF | RAMB18 | RAMB36 | 
+------------+----------------+------------------------+---+---+------------------------+---+---+------------------+--------+--------+
|top_level   | TOP/screen_reg | 16 K x 3(READ_FIRST)   | W |   | 16 K x 3(WRITE_FIRST)  |   | R | Port A and B     | 1      | 1      | 
+------------+----------------+------------------------+---+---+------------------------+---+---+------------------+--------+--------+

---------------------------------------------------------------------------------
Finished ROM, RAM, DSP and Shift Register Reporting
---------------------------------------------------------------------------------

Report RTL Partitions: 
+-+--------------+------------+----------+
| |RTL Partition |Replication |Instances |
+-+--------------+------------+----------+
+-+--------------+------------+----------+
---------------------------------------------------------------------------------
Start Technology Mapping
---------------------------------------------------------------------------------
INFO: [Synth 8-3886] merging instance 'TOP/pix_read_addr_reg_rep[0]' (FDRE) to 'TOP/pix_read_addr_reg[0]'
INFO: [Synth 8-3886] merging instance 'TOP/pix_read_addr_reg_rep[1]' (FDRE) to 'TOP/pix_read_addr_reg[1]'
INFO: [Synth 8-3886] merging instance 'TOP/pix_read_addr_reg_rep[2]' (FDRE) to 'TOP/pix_read_addr_reg[2]'
INFO: [Synth 8-3886] merging instance 'TOP/pix_read_addr_reg_rep[3]' (FDRE) to 'TOP/pix_read_addr_reg[3]'
---------------------------------------------------------------------------------
Finished Technology Mapping : Time (s): cpu = 00:00:19 ; elapsed = 00:00:20 . Memory (MB): peak = 1012.691 ; gain = 411.328
---------------------------------------------------------------------------------

Report RTL Partitions: 
+-+--------------+------------+----------+
| |RTL Partition |Replication |Instances |
+-+--------------+------------+----------+
+-+--------------+------------+----------+
---------------------------------------------------------------------------------
Start IO Insertion
---------------------------------------------------------------------------------
---------------------------------------------------------------------------------
Start Flattening Before IO Insertion
---------------------------------------------------------------------------------
---------------------------------------------------------------------------------
Finished Flattening Before IO Insertion
---------------------------------------------------------------------------------
---------------------------------------------------------------------------------
Start Final Netlist Cleanup
---------------------------------------------------------------------------------
---------------------------------------------------------------------------------
Finished Final Netlist Cleanup
---------------------------------------------------------------------------------
---------------------------------------------------------------------------------
Finished IO Insertion : Time (s): cpu = 00:00:22 ; elapsed = 00:00:23 . Memory (MB): peak = 1019.480 ; gain = 418.117
---------------------------------------------------------------------------------
---------------------------------------------------------------------------------
Start Renaming Generated Instances
---------------------------------------------------------------------------------
---------------------------------------------------------------------------------
Finished Renaming Generated Instances : Time (s): cpu = 00:00:22 ; elapsed = 00:00:23 . Memory (MB): peak = 1019.480 ; gain = 418.117
---------------------------------------------------------------------------------

Report RTL Partitions: 
+-+--------------+------------+----------+
| |RTL Partition |Replication |Instances |
+-+--------------+------------+----------+
+-+--------------+------------+----------+

Report Check Netlist: 
+------+------------------+-------+---------+-------+------------------+
|      |Item              |Errors |Warnings |Status |Description       |
+------+------------------+-------+---------+-------+------------------+
|1     |multi_driven_nets |      0|        0|Passed |Multi driven nets |
+------+------------------+-------+---------+-------+------------------+
---------------------------------------------------------------------------------
Start Rebuilding User Hierarchy
---------------------------------------------------------------------------------
---------------------------------------------------------------------------------
Finished Rebuilding User Hierarchy : Time (s): cpu = 00:00:22 ; elapsed = 00:00:23 . Memory (MB): peak = 1019.480 ; gain = 418.117
---------------------------------------------------------------------------------
---------------------------------------------------------------------------------
Start Renaming Generated Ports
---------------------------------------------------------------------------------
---------------------------------------------------------------------------------
Finished Renaming Generated Ports : Time (s): cpu = 00:00:22 ; elapsed = 00:00:23 . Memory (MB): peak = 1019.480 ; gain = 418.117
---------------------------------------------------------------------------------
---------------------------------------------------------------------------------
Start Handling Custom Attributes
---------------------------------------------------------------------------------
---------------------------------------------------------------------------------
Finished Handling Custom Attributes : Time (s): cpu = 00:00:22 ; elapsed = 00:00:23 . Memory (MB): peak = 1019.480 ; gain = 418.117
---------------------------------------------------------------------------------
---------------------------------------------------------------------------------
Start Renaming Generated Nets
---------------------------------------------------------------------------------
---------------------------------------------------------------------------------
Finished Renaming Generated Nets : Time (s): cpu = 00:00:22 ; elapsed = 00:00:23 . Memory (MB): peak = 1019.480 ; gain = 418.117
---------------------------------------------------------------------------------
---------------------------------------------------------------------------------
Start Writing Synthesis Report
---------------------------------------------------------------------------------

Report BlackBoxes: 
+-+--------------+----------+
| |BlackBox name |Instances |
+-+--------------+----------+
+-+--------------+----------+

Report Cell Usage: 
+------+-----------+------+
|      |Cell       |Count |
+------+-----------+------+
|1     |BUFG       |     1|
|2     |CARRY4     |    17|
|3     |LUT1       |    10|
|4     |LUT2       |    18|
|5     |LUT3       |    29|
|6     |LUT4       |     4|
|7     |LUT5       |    10|
|8     |LUT6       |    25|
|9     |RAMB18E1_1 |     1|
|10    |RAMB36E1_1 |     1|
|11    |FDCE       |    14|
|12    |FDRE       |    50|
|13    |IBUF       |     5|
|14    |OBUF       |    14|
+------+-----------+------+

Report Instance Areas: 
+------+------------+-------------------+------+
|      |Instance    |Module             |Cells |
+------+------------+-------------------+------+
|1     |top         |                   |   199|
|2     |  Sel_color |select_color       |     2|
|3     |  CPT       |compteur           |    35|
|4     |  TOP       |VGA_bitmap_160x100 |   142|
+------+------------+-------------------+------+
---------------------------------------------------------------------------------
Finished Writing Synthesis Report : Time (s): cpu = 00:00:22 ; elapsed = 00:00:23 . Memory (MB): peak = 1019.480 ; gain = 418.117
---------------------------------------------------------------------------------
Synthesis finished with 0 errors, 0 critical warnings and 0 warnings.
Synthesis Optimization Runtime : Time (s): cpu = 00:00:16 ; elapsed = 00:00:21 . Memory (MB): peak = 1019.480 ; gain = 320.617
Synthesis Optimization Complete : Time (s): cpu = 00:00:22 ; elapsed = 00:00:23 . Memory (MB): peak = 1019.480 ; gain = 418.117
INFO: [Project 1-571] Translating synthesized netlist
Netlist sorting complete. Time (s): cpu = 00:00:01 ; elapsed = 00:00:00.003 . Memory (MB): peak = 1030.555 ; gain = 0.000
INFO: [Netlist 29-17] Analyzing 19 Unisim elements for replacement
INFO: [Netlist 29-28] Unisim Transformation completed in 0 CPU seconds
INFO: [Project 1-570] Preparing netlist for logic optimization
INFO: [Opt 31-138] Pushed 0 inverter(s) to 0 load pin(s).
Netlist sorting complete. Time (s): cpu = 00:00:00 ; elapsed = 00:00:00 . Memory (MB): peak = 1032.117 ; gain = 0.000
INFO: [Project 1-111] Unisim Transformation Summary:
No Unisim elements were transformed.

INFO: [Common 17-83] Releasing license: Synthesis
36 Infos, 1 Warnings, 0 Critical Warnings and 0 Errors encountered.
synth_design completed successfully
synth_design: Time (s): cpu = 00:00:27 ; elapsed = 00:00:29 . Memory (MB): peak = 1032.117 ; gain = 726.629
Netlist sorting complete. Time (s): cpu = 00:00:00 ; elapsed = 00:00:00 . Memory (MB): peak = 1032.117 ; gain = 0.000
WARNING: [Constraints 18-5210] No constraints selected for write.
Resolution: This message can indicate that there are no constraints for the design, or it can indicate that the used_in flags are set such that the constraints are ignored. This later case is used when running synth_design to not write synthesis constraints to the resulting checkpoint. Instead, project constraints are read when the synthesized design is opened.
INFO: [Common 17-1381] The checkpoint 'D:/Documents/GitHub/FPGA_Jeu_de_Dame/jeu_de_dame.runs/synth_1/top_level.dcp' has been generated.
INFO: [runtcl-4] Executing : report_utilization -file top_level_utilization_synth.rpt -pb top_level_utilization_synth.pb
INFO: [Common 17-206] Exiting Vivado at Wed Mar  3 09:27:16 2021...
