Copyright 1986-2019 Xilinx, Inc. All Rights Reserved.
--------------------------------------------------------------------------------------
| Tool Version : Vivado v.2019.2 (win64) Build 2708876 Wed Nov  6 21:40:23 MST 2019
| Date         : Wed Mar  3 09:27:48 2021
| Host         : LAPTOP-G8QFLMSI running 64-bit major release  (build 9200)
| Command      : report_control_sets -verbose -file top_level_control_sets_placed.rpt
| Design       : top_level
| Device       : xc7a50t
--------------------------------------------------------------------------------------

Control Set Information

Table of Contents
-----------------
1. Summary
2. Histogram
3. Flip-Flop Distribution
4. Detailed Control Set Information

1. Summary
----------

+----------------------------------------------------------+-------+
|                          Status                          | Count |
+----------------------------------------------------------+-------+
| Total control sets                                       |     5 |
|    Minimum number of control sets                        |     5 |
|    Addition due to synthesis replication                 |     0 |
|    Addition due to physical synthesis replication        |     0 |
| Unused register locations in slices containing registers |    24 |
+----------------------------------------------------------+-------+
* Control sets can be merged at opt_design using control_set_merge or merge_equivalent_drivers
** Run report_qor_suggestions for automated merging and remapping suggestions


2. Histogram
------------

+--------------------+-------+
|       Fanout       | Count |
+--------------------+-------+
| Total control sets |     5 |
| >= 0 to < 4        |     2 |
| >= 4 to < 6        |     0 |
| >= 6 to < 8        |     0 |
| >= 8 to < 10       |     0 |
| >= 10 to < 12      |     1 |
| >= 12 to < 14      |     0 |
| >= 14 to < 16      |     0 |
| >= 16              |     2 |
+--------------------+-------+
* Control sets can be remapped at either synth_design or opt_design


3. Flip-Flop Distribution
-------------------------

+--------------+-----------------------+------------------------+-----------------+--------------+
| Clock Enable | Synchronous Set/Reset | Asynchronous Set/Reset | Total Registers | Total Slices |
+--------------+-----------------------+------------------------+-----------------+--------------+
| No           | No                    | No                     |               0 |            0 |
| No           | No                    | Yes                    |              14 |            3 |
| No           | Yes                   | No                     |              14 |            5 |
| Yes          | No                    | No                     |               0 |            0 |
| Yes          | No                    | Yes                    |               0 |            0 |
| Yes          | Yes                   | No                     |              36 |           13 |
+--------------+-----------------------+------------------------+-----------------+--------------+


4. Detailed Control Set Information
-----------------------------------

+----------------+-----------------------------------+-----------------------------------+------------------+----------------+
|  Clock Signal  |           Enable Signal           |          Set/Reset Signal         | Slice Load Count | Bel Load Count |
+----------------+-----------------------------------+-----------------------------------+------------------+----------------+
|  clk_IBUF_BUFG | TOP/VGA_hs                        | TOP/AR[0]                         |                1 |              1 |
|  clk_IBUF_BUFG | TOP/VGA_vs_i_1_n_0                | TOP/AR[0]                         |                1 |              1 |
|  clk_IBUF_BUFG | TOP/v_counter                     | TOP/AR[0]                         |                3 |             10 |
|  clk_IBUF_BUFG | TOP/pix_read_addr_rep[13]_i_2_n_0 | TOP/pix_read_addr_rep[13]_i_1_n_0 |                8 |             24 |
|  clk_IBUF_BUFG |                                   | TOP/AR[0]                         |                8 |             28 |
+----------------+-----------------------------------+-----------------------------------+------------------+----------------+


